<?xml version="1.0" encoding="UTF-8"?>
<robot generator="Robot 4.1.3 (Python 3.10.2 on win32)" generated="20220309 16:40:18.356" rpa="false" schemaversion="2">
<suite id="s1" name="Argumentos" source="C:\Users\Elielson\Documents\cursoUdemy\RobotFramework\Builtln-avancado\Argumentos\argumentos.robot">
<test id="s1-t1" name="Relembrando argumentos posicionais x nomeados">
<kw name="Teste de Argumentos Básico">
<arg>1</arg>
<arg>2</arg>
<arg>3</arg>
<arg>4</arg>
<kw name="Log" library="BuiltIn">
<arg>${arg1} - ${arg2} - ${arg3} - ${arg4}</arg>
<doc>Logs the given message with the given level.</doc>
<msg timestamp="20220309 16:40:18.399" level="INFO">1 - 2 - 3 - 4</msg>
<status status="PASS" starttime="20220309 16:40:18.399" endtime="20220309 16:40:18.399"/>
</kw>
<status status="PASS" starttime="20220309 16:40:18.398" endtime="20220309 16:40:18.400"/>
</kw>
<kw name="Teste de Argumentos Básico">
<arg>arg4=1</arg>
<arg>arg3=2</arg>
<arg>arg2=3</arg>
<arg>arg1=4</arg>
<kw name="Log" library="BuiltIn">
<arg>${arg1} - ${arg2} - ${arg3} - ${arg4}</arg>
<doc>Logs the given message with the given level.</doc>
<msg timestamp="20220309 16:40:18.401" level="INFO">4 - 3 - 2 - 1</msg>
<status status="PASS" starttime="20220309 16:40:18.400" endtime="20220309 16:40:18.401"/>
</kw>
<status status="PASS" starttime="20220309 16:40:18.400" endtime="20220309 16:40:18.401"/>
</kw>
<status status="PASS" starttime="20220309 16:40:18.397" endtime="20220309 16:40:18.402"/>
</test>
<test id="s1-t2" name="Teste de Argumentos Opcionais">
<kw name="Passando argumentos opcionais como paramêtro">
<arg>nome=Elielson</arg>
<arg>ultimo_nome=Silva</arg>
<kw name="Log" library="BuiltIn">
<arg>Nome completo: ${nome} ${nome_do_meio} ${ultimo_nome}</arg>
<doc>Logs the given message with the given level.</doc>
<msg timestamp="20220309 16:40:18.406" level="INFO">Nome completo: Elielson silva Silva</msg>
<status status="PASS" starttime="20220309 16:40:18.405" endtime="20220309 16:40:18.406"/>
</kw>
<status status="PASS" starttime="20220309 16:40:18.404" endtime="20220309 16:40:18.406"/>
</kw>
<kw name="Passando argumentos opcionais como paramêtro">
<arg>nome=Elielson</arg>
<arg>nome_do_meio=Francisco</arg>
<arg>ultimo_nome=Silva</arg>
<kw name="Log" library="BuiltIn">
<arg>Nome completo: ${nome} ${nome_do_meio} ${ultimo_nome}</arg>
<doc>Logs the given message with the given level.</doc>
<msg timestamp="20220309 16:40:18.408" level="INFO">Nome completo: Elielson Francisco Silva</msg>
<status status="PASS" starttime="20220309 16:40:18.407" endtime="20220309 16:40:18.408"/>
</kw>
<status status="PASS" starttime="20220309 16:40:18.407" endtime="20220309 16:40:18.408"/>
</kw>
<status status="PASS" starttime="20220309 16:40:18.403" endtime="20220309 16:40:18.408"/>
</test>
<test id="s1-t3" name="Criando lista e dicionário via paramêtro">
<kw name="Teste Criando um dicionário">
<arg>cwd=/home/user</arg>
<arg>shell=True</arg>
<arg>env=False</arg>
<kw name="Log" library="BuiltIn">
<arg>${meu_dicionario}</arg>
<doc>Logs the given message with the given level.</doc>
<msg timestamp="20220309 16:40:18.412" level="INFO">{'cwd': '/home/user', 'shell': 'True', 'env': 'False'}</msg>
<status status="PASS" starttime="20220309 16:40:18.412" endtime="20220309 16:40:18.412"/>
</kw>
<status status="PASS" starttime="20220309 16:40:18.411" endtime="20220309 16:40:18.412"/>
</kw>
<kw name="Teste criando uma lista">
<arg>elielson</arg>
<arg>francisco</arg>
<arg>silva</arg>
<kw name="Log" library="BuiltIn">
<arg>${minha_lista}</arg>
<doc>Logs the given message with the given level.</doc>
<msg timestamp="20220309 16:40:18.414" level="INFO">['elielson', 'francisco', 'silva']</msg>
<status status="PASS" starttime="20220309 16:40:18.413" endtime="20220309 16:40:18.414"/>
</kw>
<status status="PASS" starttime="20220309 16:40:18.413" endtime="20220309 16:40:18.414"/>
</kw>
<kw name="Teste criando os dois">
<arg>elielson</arg>
<arg>francisco</arg>
<arg>silva</arg>
<arg>shell=True</arg>
<arg>env=False</arg>
<kw name="Log" library="BuiltIn">
<arg>${minha_lista}\n${meu_dicionario}</arg>
<doc>Logs the given message with the given level.</doc>
<msg timestamp="20220309 16:40:18.415" level="INFO">['elielson', 'francisco', 'silva']
{'shell': 'True', 'env': 'False'}</msg>
<status status="PASS" starttime="20220309 16:40:18.415" endtime="20220309 16:40:18.415"/>
</kw>
<status status="PASS" starttime="20220309 16:40:18.414" endtime="20220309 16:40:18.415"/>
</kw>
<doc>No Python é conhecido como "'kwargs"</doc>
<status status="PASS" starttime="20220309 16:40:18.410" endtime="20220309 16:40:18.416"/>
</test>
<status status="PASS" starttime="20220309 16:40:18.358" endtime="20220309 16:40:18.418"/>
</suite>
<statistics>
<total>
<stat pass="3" fail="0" skip="0">All Tests</stat>
</total>
<tag>
</tag>
<suite>
<stat pass="3" fail="0" skip="0" id="s1" name="Argumentos">Argumentos</stat>
</suite>
</statistics>
<errors>
</errors>
</robot>
