<?xml version="1.0" encoding="UTF-8"?>
<robot generator="Robot 4.1.3 (Python 3.10.2 on win32)" generated="20220309 15:46:09.144" rpa="false" schemaversion="2">
<suite id="s1" name="Falhas Previstas" source="C:\Users\Elielson\Documents\cursoUdemy\RobotFramework\Builtln-avancado\Controles\falhas_previstas.robot">
<test id="s1-t1" name="Exemplo 01: Teste lidando com falhas PREVISTAS">
<kw name="Essa keyword vai falhar, mas vou ignorar (a suíte irá passar)">
<kw name="Run Keyword And Ignore Error" library="BuiltIn">
<arg>Should Be True</arg>
<arg>"May" == "João"</arg>
<doc>Runs the given keyword with the given arguments and ignores possible error.</doc>
<kw name="Should Be True" library="BuiltIn">
<arg>"May" == "João"</arg>
<doc>Fails if the given condition is not true.</doc>
<msg timestamp="20220309 15:46:09.190" level="FAIL">'"May" == "João"' should be true.</msg>
<status status="FAIL" starttime="20220309 15:46:09.189" endtime="20220309 15:46:09.190"/>
</kw>
<status status="PASS" starttime="20220309 15:46:09.189" endtime="20220309 15:46:09.190"/>
</kw>
<kw name="Log" library="BuiltIn">
<arg>Continuo a execução!!</arg>
<doc>Logs the given message with the given level.</doc>
<msg timestamp="20220309 15:46:09.190" level="INFO">Continuo a execução!!</msg>
<status status="PASS" starttime="20220309 15:46:09.190" endtime="20220309 15:46:09.190"/>
</kw>
<status status="PASS" starttime="20220309 15:46:09.188" endtime="20220309 15:46:09.190"/>
</kw>
<kw name="Essa keyword encerra a execução da suíte!">
<arg>Não pare, por favor!</arg>
<kw name="Run Keyword If" library="BuiltIn">
<arg>"${STOP}"=="Para tudo!"</arg>
<arg>Fatal Error</arg>
<arg>msg=Para tudo, não adianta continuar com essa falha aqui!!</arg>
<doc>Runs the given keyword with the given arguments, if ``condition`` is true.</doc>
<status status="PASS" starttime="20220309 15:46:09.191" endtime="20220309 15:46:09.192"/>
</kw>
<status status="PASS" starttime="20220309 15:46:09.191" endtime="20220309 15:46:09.192"/>
</kw>
<kw name="Essa keyword vai falhar, mas é uma falha que deve acontecer para meu teste ser considerado OK!">
<kw name="Run Keyword And Expect Error" library="BuiltIn">
<arg>'"May" == "João"' Should be true.</arg>
<arg>Should Be True</arg>
<arg>"May" == "João"</arg>
<doc>Runs the keyword and checks that the expected error occurred.</doc>
<kw name="Should Be True" library="BuiltIn">
<arg>"May" == "João"</arg>
<doc>Fails if the given condition is not true.</doc>
<msg timestamp="20220309 15:46:09.193" level="FAIL">'"May" == "João"' should be true.</msg>
<status status="FAIL" starttime="20220309 15:46:09.193" endtime="20220309 15:46:09.193"/>
</kw>
<msg timestamp="20220309 15:46:09.194" level="FAIL">Expected error ''"May" == "João"' Should be true.' but got ''"May" == "João"' should be true.'.</msg>
<status status="FAIL" starttime="20220309 15:46:09.193" endtime="20220309 15:46:09.194"/>
</kw>
<status status="FAIL" starttime="20220309 15:46:09.192" endtime="20220309 15:46:09.195"/>
</kw>
<kw name="Essa keyword vai falhar, não ignorar (a suíte irá falhar), mas vou continuar a execução!">
<status status="NOT RUN" starttime="20220309 15:46:09.195" endtime="20220309 15:46:09.195"/>
</kw>
<kw name="Essa keyword encerra a execução da suíte!">
<arg>Não pare, por favor!</arg>
<status status="NOT RUN" starttime="20220309 15:46:09.195" endtime="20220309 15:46:09.195"/>
</kw>
<status status="FAIL" starttime="20220309 15:46:09.187" endtime="20220309 15:46:09.196">Expected error ''"May" == "João"' Should be true.' but got ''"May" == "João"' should be true.'.</status>
</test>
<test id="s1-t2" name="Exemplo 02: Teste de continuação da suíte">
<kw name="No Operation" library="BuiltIn">
<doc>Does absolutely nothing.</doc>
<status status="PASS" starttime="20220309 15:46:09.198" endtime="20220309 15:46:09.198"/>
</kw>
<status status="PASS" starttime="20220309 15:46:09.197" endtime="20220309 15:46:09.199"/>
</test>
<test id="s1-t3" name="Exemplo 03: Teste de continuação da suíte">
<kw name="No Operation" library="BuiltIn">
<doc>Does absolutely nothing.</doc>
<status status="PASS" starttime="20220309 15:46:09.201" endtime="20220309 15:46:09.201"/>
</kw>
<status status="PASS" starttime="20220309 15:46:09.200" endtime="20220309 15:46:09.202"/>
</test>
<status status="FAIL" starttime="20220309 15:46:09.147" endtime="20220309 15:46:09.205"/>
</suite>
<statistics>
<total>
<stat pass="2" fail="1" skip="0">All Tests</stat>
</total>
<tag>
</tag>
<suite>
<stat pass="2" fail="1" skip="0" id="s1" name="Falhas Previstas">Falhas Previstas</stat>
</suite>
</statistics>
<errors>
</errors>
</robot>
